<?xml version="1.0" encoding="UTF-8"?>
<!-- Generated by org.testng.reporters.JUnitReportReporter -->
<testsuite hostname="LAPTOP-RI3APC5L" failures="0" tests="1" name="com.eBankingV1.testCases.TC_LoginTest_001" time="7.764" errors="0" timestamp="2022-02-09T08:10:25 IST" skipped="0">
  <testcase classname="com.eBankingV1.testCases.TC_LoginTest_001" name="loginTest" time="7.764"/>
  <system-out/>
</testsuite> <!-- com.eBankingV1.testCases.TC_LoginTest_001 -->
